Connecting to database specified by database.yml
  [1m[36m (336.4ms)[0m  [1mCREATE TABLE `schema_migrations` (`version` varchar(255) NOT NULL) ENGINE=InnoDB[0m
  [1m[35m (77.6ms)[0m  CREATE UNIQUE INDEX `unique_schema_migrations` ON `schema_migrations` (`version`)
  [1m[36m (32.2ms)[0m  [1mSELECT `schema_migrations`.`version` FROM `schema_migrations` [0m
Connecting to database specified by database.yml
Connecting to database specified by database.yml
  [1m[36m (38.8ms)[0m  [1mSELECT `schema_migrations`.`version` FROM `schema_migrations` [0m
Migrating to CreateGbUsers (20131225065131)
  [1m[35m (40.2ms)[0m  CREATE TABLE `gb_users` (`id` int(11) DEFAULT NULL auto_increment PRIMARY KEY, `username` varchar(255), `created_at` datetime NOT NULL, `updated_at` datetime NOT NULL) ENGINE=InnoDB
  [1m[36m (0.5ms)[0m  [1mINSERT INTO `schema_migrations` (`version`) VALUES ('20131225065131')[0m
  [1m[35m (0.2ms)[0m  SELECT `schema_migrations`.`version` FROM `schema_migrations` 
Connecting to database specified by database.yml
Connecting to database specified by database.yml
Connecting to database specified by database.yml
  [1m[36m (2.3ms)[0m  [1mSELECT `schema_migrations`.`version` FROM `schema_migrations` [0m
Migrating to CreateGbUsers (20131225065131)
Migrating to CreateGbRepos (20131225065612)
  [1m[35m (75.1ms)[0m  CREATE TABLE `gb_repos` (`id` int(11) DEFAULT NULL auto_increment PRIMARY KEY, `address` varchar(255), `created_at` datetime NOT NULL, `updated_at` datetime NOT NULL) ENGINE=InnoDB
  [1m[36m (0.5ms)[0m  [1mINSERT INTO `schema_migrations` (`version`) VALUES ('20131225065612')[0m
  [1m[35m (0.2ms)[0m  SELECT `schema_migrations`.`version` FROM `schema_migrations` 
Connecting to database specified by database.yml
Started GET "/assets/rails.png" for 127.0.0.1 at 2013-12-25 14:56:25 +0800
Served asset /rails.png - 200 OK (6ms)

NoMethodError (undefined method `cookie_expiration' for nil:NilClass):
  clearance (1.1.0) lib/clearance/session.rb:78:in `expires_configuration'
  clearance (1.1.0) lib/clearance/session.rb:66:in `remember_token_expires'
  clearance (1.1.0) lib/clearance/session.rb:101:in `cookie_value'
  clearance (1.1.0) lib/clearance/session.rb:12:in `add_cookie_to_headers'
  clearance (1.1.0) lib/clearance/rack_session.rb:11:in `call'
  actionpack (3.2.14) lib/action_dispatch/middleware/params_parser.rb:21:in `call'
  actionpack (3.2.14) lib/action_dispatch/middleware/flash.rb:242:in `call'
  rack (1.4.5) lib/rack/session/abstract/id.rb:210:in `context'
  rack (1.4.5) lib/rack/session/abstract/id.rb:205:in `call'
  actionpack (3.2.14) lib/action_dispatch/middleware/cookies.rb:341:in `call'
  activerecord (3.2.14) lib/active_record/query_cache.rb:64:in `call'
  activerecord (3.2.14) lib/active_record/connection_adapters/abstract/connection_pool.rb:479:in `call'
  actionpack (3.2.14) lib/action_dispatch/middleware/callbacks.rb:28:in `block in call'
  activesupport (3.2.14) lib/active_support/callbacks.rb:405:in `_run__3155870047215651537__call__2058896371763870710__callbacks'
  activesupport (3.2.14) lib/active_support/callbacks.rb:405:in `__run_callback'
  activesupport (3.2.14) lib/active_support/callbacks.rb:385:in `_run_call_callbacks'
  activesupport (3.2.14) lib/active_support/callbacks.rb:81:in `run_callbacks'
  actionpack (3.2.14) lib/action_dispatch/middleware/callbacks.rb:27:in `call'
  actionpack (3.2.14) lib/action_dispatch/middleware/reloader.rb:65:in `call'
  actionpack (3.2.14) lib/action_dispatch/middleware/remote_ip.rb:31:in `call'
  actionpack (3.2.14) lib/action_dispatch/middleware/debug_exceptions.rb:16:in `call'
  actionpack (3.2.14) lib/action_dispatch/middleware/show_exceptions.rb:56:in `call'
  railties (3.2.14) lib/rails/rack/logger.rb:32:in `call_app'
  railties (3.2.14) lib/rails/rack/logger.rb:16:in `block in call'
  activesupport (3.2.14) lib/active_support/tagged_logging.rb:22:in `tagged'
  railties (3.2.14) lib/rails/rack/logger.rb:16:in `call'
  actionpack (3.2.14) lib/action_dispatch/middleware/request_id.rb:22:in `call'
  rack (1.4.5) lib/rack/methodoverride.rb:21:in `call'
  rack (1.4.5) lib/rack/runtime.rb:17:in `call'
  activesupport (3.2.14) lib/active_support/cache/strategy/local_cache.rb:72:in `call'
  rack (1.4.5) lib/rack/lock.rb:15:in `call'
  actionpack (3.2.14) lib/action_dispatch/middleware/static.rb:63:in `call'
  railties (3.2.14) lib/rails/engine.rb:484:in `call'
  railties (3.2.14) lib/rails/application.rb:231:in `call'
  rack (1.4.5) lib/rack/content_length.rb:14:in `call'
  railties (3.2.14) lib/rails/rack/log_tailer.rb:17:in `call'
  rack (1.4.5) lib/rack/handler/webrick.rb:59:in `service'
  /Users/gabriel/.rvm/rubies/ruby-1.9.3-p429/lib/ruby/1.9.1/webrick/httpserver.rb:138:in `service'
  /Users/gabriel/.rvm/rubies/ruby-1.9.3-p429/lib/ruby/1.9.1/webrick/httpserver.rb:94:in `run'
  /Users/gabriel/.rvm/rubies/ruby-1.9.3-p429/lib/ruby/1.9.1/webrick/server.rb:191:in `block in start_thread'


Started GET "/repos" for 127.0.0.1 at 2013-12-25 14:56:30 +0800

NoMethodError (undefined method `cookie_expiration' for nil:NilClass):
  clearance (1.1.0) lib/clearance/session.rb:78:in `expires_configuration'
  clearance (1.1.0) lib/clearance/session.rb:66:in `remember_token_expires'
  clearance (1.1.0) lib/clearance/session.rb:101:in `cookie_value'
  clearance (1.1.0) lib/clearance/session.rb:12:in `add_cookie_to_headers'
  clearance (1.1.0) lib/clearance/rack_session.rb:11:in `call'
  actionpack (3.2.14) lib/action_dispatch/middleware/params_parser.rb:21:in `call'
  actionpack (3.2.14) lib/action_dispatch/middleware/flash.rb:242:in `call'
  rack (1.4.5) lib/rack/session/abstract/id.rb:210:in `context'
  rack (1.4.5) lib/rack/session/abstract/id.rb:205:in `call'
  actionpack (3.2.14) lib/action_dispatch/middleware/cookies.rb:341:in `call'
  activerecord (3.2.14) lib/active_record/query_cache.rb:64:in `call'
  activerecord (3.2.14) lib/active_record/connection_adapters/abstract/connection_pool.rb:479:in `call'
  actionpack (3.2.14) lib/action_dispatch/middleware/callbacks.rb:28:in `block in call'
  activesupport (3.2.14) lib/active_support/callbacks.rb:405:in `_run__3155870047215651537__call__2058896371763870710__callbacks'
  activesupport (3.2.14) lib/active_support/callbacks.rb:405:in `__run_callback'
  activesupport (3.2.14) lib/active_support/callbacks.rb:385:in `_run_call_callbacks'
  activesupport (3.2.14) lib/active_support/callbacks.rb:81:in `run_callbacks'
  actionpack (3.2.14) lib/action_dispatch/middleware/callbacks.rb:27:in `call'
  actionpack (3.2.14) lib/action_dispatch/middleware/reloader.rb:65:in `call'
  actionpack (3.2.14) lib/action_dispatch/middleware/remote_ip.rb:31:in `call'
  actionpack (3.2.14) lib/action_dispatch/middleware/debug_exceptions.rb:16:in `call'
  actionpack (3.2.14) lib/action_dispatch/middleware/show_exceptions.rb:56:in `call'
  railties (3.2.14) lib/rails/rack/logger.rb:32:in `call_app'
  railties (3.2.14) lib/rails/rack/logger.rb:16:in `block in call'
  activesupport (3.2.14) lib/active_support/tagged_logging.rb:22:in `tagged'
  railties (3.2.14) lib/rails/rack/logger.rb:16:in `call'
  actionpack (3.2.14) lib/action_dispatch/middleware/request_id.rb:22:in `call'
  rack (1.4.5) lib/rack/methodoverride.rb:21:in `call'
  rack (1.4.5) lib/rack/runtime.rb:17:in `call'
  activesupport (3.2.14) lib/active_support/cache/strategy/local_cache.rb:72:in `call'
  rack (1.4.5) lib/rack/lock.rb:15:in `call'
  actionpack (3.2.14) lib/action_dispatch/middleware/static.rb:63:in `call'
  railties (3.2.14) lib/rails/engine.rb:484:in `call'
  railties (3.2.14) lib/rails/application.rb:231:in `call'
  rack (1.4.5) lib/rack/content_length.rb:14:in `call'
  railties (3.2.14) lib/rails/rack/log_tailer.rb:17:in `call'
  rack (1.4.5) lib/rack/handler/webrick.rb:59:in `service'
  /Users/gabriel/.rvm/rubies/ruby-1.9.3-p429/lib/ruby/1.9.1/webrick/httpserver.rb:138:in `service'
  /Users/gabriel/.rvm/rubies/ruby-1.9.3-p429/lib/ruby/1.9.1/webrick/httpserver.rb:94:in `run'
  /Users/gabriel/.rvm/rubies/ruby-1.9.3-p429/lib/ruby/1.9.1/webrick/server.rb:191:in `block in start_thread'


Connecting to database specified by database.yml
Connecting to database specified by database.yml
  [1m[36m (2.2ms)[0m  [1mSELECT `schema_migrations`.`version` FROM `schema_migrations` [0m
Migrating to CreateGbUsers (20131225065131)
Migrating to CreateGbRepos (20131225065612)
Migrating to CreateUsers (20131225065722)
  [1m[35m (58.9ms)[0m  CREATE TABLE `users` (`id` int(11) DEFAULT NULL auto_increment PRIMARY KEY, `created_at` datetime NOT NULL, `updated_at` datetime NOT NULL, `email` varchar(255) NOT NULL, `encrypted_password` varchar(128) NOT NULL, `confirmation_token` varchar(128), `remember_token` varchar(128) NOT NULL) ENGINE=InnoDB
  [1m[36m (176.0ms)[0m  [1mCREATE INDEX `index_users_on_email` ON `users` (`email`)[0m
  [1m[35m (97.2ms)[0m  CREATE INDEX `index_users_on_remember_token` ON `users` (`remember_token`)
  [1m[36m (0.5ms)[0m  [1mINSERT INTO `schema_migrations` (`version`) VALUES ('20131225065722')[0m
  [1m[35m (0.2ms)[0m  SELECT `schema_migrations`.`version` FROM `schema_migrations` 
Connecting to database specified by database.yml
Started GET "/assets/rails.png" for 127.0.0.1 at 2013-12-25 14:58:36 +0800
Served asset /rails.png - 200 OK (2ms)
Started GET "/repos" for 127.0.0.1 at 2013-12-25 14:58:39 +0800

ActionController::RoutingError (No route matches [GET] "/repos"):
  actionpack (3.2.14) lib/action_dispatch/middleware/debug_exceptions.rb:21:in `call'
  actionpack (3.2.14) lib/action_dispatch/middleware/show_exceptions.rb:56:in `call'
  railties (3.2.14) lib/rails/rack/logger.rb:32:in `call_app'
  railties (3.2.14) lib/rails/rack/logger.rb:16:in `block in call'
  activesupport (3.2.14) lib/active_support/tagged_logging.rb:22:in `tagged'
  railties (3.2.14) lib/rails/rack/logger.rb:16:in `call'
  actionpack (3.2.14) lib/action_dispatch/middleware/request_id.rb:22:in `call'
  rack (1.4.5) lib/rack/methodoverride.rb:21:in `call'
  rack (1.4.5) lib/rack/runtime.rb:17:in `call'
  activesupport (3.2.14) lib/active_support/cache/strategy/local_cache.rb:72:in `call'
  rack (1.4.5) lib/rack/lock.rb:15:in `call'
  actionpack (3.2.14) lib/action_dispatch/middleware/static.rb:63:in `call'
  railties (3.2.14) lib/rails/engine.rb:484:in `call'
  railties (3.2.14) lib/rails/application.rb:231:in `call'
  rack (1.4.5) lib/rack/content_length.rb:14:in `call'
  railties (3.2.14) lib/rails/rack/log_tailer.rb:17:in `call'
  rack (1.4.5) lib/rack/handler/webrick.rb:59:in `service'
  /Users/gabriel/.rvm/rubies/ruby-1.9.3-p429/lib/ruby/1.9.1/webrick/httpserver.rb:138:in `service'
  /Users/gabriel/.rvm/rubies/ruby-1.9.3-p429/lib/ruby/1.9.1/webrick/httpserver.rb:94:in `run'
  /Users/gabriel/.rvm/rubies/ruby-1.9.3-p429/lib/ruby/1.9.1/webrick/server.rb:191:in `block in start_thread'


Started GET "/gb_repos" for 127.0.0.1 at 2013-12-25 14:58:48 +0800
Processing by GbReposController#index as HTML
  [1m[36mGbRepo Load (0.2ms)[0m  [1mSELECT `gb_repos`.* FROM `gb_repos` [0m
  Rendered gb_repos/index.html.erb within layouts/application (6.5ms)
Completed 200 OK in 976ms (Views: 664.3ms | ActiveRecord: 103.1ms)
Started GET "/assets/application.css" for 127.0.0.1 at 2013-12-25 14:58:49 +0800
Compiled gb_repos.css  (16ms)  (pid 93713)
Compiled gb_users.css  (6ms)  (pid 93713)
Compiled scaffolds.css  (17ms)  (pid 93713)
Compiled application.css  (214ms)  (pid 93713)
Served asset /application.css - 200 OK (237ms)
Started GET "/assets/application.js" for 127.0.0.1 at 2013-12-25 14:58:50 +0800
Compiled jquery.js  (28ms)  (pid 93713)
Compiled jquery_ujs.js  (0ms)  (pid 93713)
Compiled gb_repos.js  (0ms)  (pid 93713)
Compiled gb_users.js  (1ms)  (pid 93713)
Compiled application.js  (228ms)  (pid 93713)
Served asset /application.js - 200 OK (279ms)
Connecting to database specified by database.yml
Connecting to database specified by database.yml
Connecting to database specified by database.yml
Connecting to database specified by database.yml
Connecting to database specified by database.yml
Connecting to database specified by database.yml
Started GET "/gb_repos" for 127.0.0.1 at 2013-12-25 15:00:47 +0800
Processing by GbReposController#index as HTML
  [1m[36mGbRepo Load (0.1ms)[0m  [1mSELECT `gb_repos`.* FROM `gb_repos` [0m
  Rendered gb_repos/index.html.erb within layouts/application (2662.2ms)
Completed 200 OK in 2715ms (Views: 2707.7ms | ActiveRecord: 2.9ms)
Started GET "/assets/application.js" for 127.0.0.1 at 2013-12-25 15:00:49 +0800
Compiled twitter/bootstrap/bootstrap-transition.js  (0ms)  (pid 93741)
Compiled twitter/bootstrap/bootstrap-alert.js  (0ms)  (pid 93741)
Compiled twitter/bootstrap/bootstrap-modal.js  (0ms)  (pid 93741)
Compiled twitter/bootstrap/bootstrap-dropdown.js  (0ms)  (pid 93741)
Compiled twitter/bootstrap/bootstrap-scrollspy.js  (0ms)  (pid 93741)
Compiled twitter/bootstrap/bootstrap-tab.js  (0ms)  (pid 93741)
Compiled twitter/bootstrap/bootstrap-tooltip.js  (0ms)  (pid 93741)
Compiled twitter/bootstrap/bootstrap-popover.js  (0ms)  (pid 93741)
Compiled twitter/bootstrap/bootstrap-button.js  (0ms)  (pid 93741)
Compiled twitter/bootstrap/bootstrap-collapse.js  (0ms)  (pid 93741)
Compiled twitter/bootstrap/bootstrap-carousel.js  (1ms)  (pid 93741)
Compiled twitter/bootstrap/bootstrap-typeahead.js  (0ms)  (pid 93741)
Compiled twitter/bootstrap/bootstrap-affix.js  (0ms)  (pid 93741)
Compiled twitter/bootstrap.js  (284ms)  (pid 93741)
Compiled bootstrap.js  (0ms)  (pid 93741)
Compiled application.js  (327ms)  (pid 93741)
Served asset /application.js - 200 OK (361ms)
Started GET "/assets/application.css" for 127.0.0.1 at 2013-12-25 15:00:50 +0800
Compiled twitter-bootstrap-static/bootstrap.css  (69ms)  (pid 93741)
Compiled twitter-bootstrap-static/fontawesome.css  (19ms)  (pid 93741)
Compiled bootstrap_and_overrides.css  (147ms)  (pid 93741)
Compiled application.css  (152ms)  (pid 93741)
Served asset /application.css - 200 OK (168ms)
Started GET "/gb_repos/new" for 127.0.0.1 at 2013-12-25 15:00:57 +0800
Processing by GbReposController#new as HTML
  Rendered gb_repos/_form.html.erb (138.1ms)
  Rendered gb_repos/new.html.erb within layouts/application (163.7ms)
Completed 200 OK in 172ms (Views: 167.1ms | ActiveRecord: 0.0ms)
Started GET "/gb_repos" for 127.0.0.1 at 2013-12-25 15:00:59 +0800
Processing by GbReposController#index as HTML
  [1m[35mGbRepo Load (0.3ms)[0m  SELECT `gb_repos`.* FROM `gb_repos` 
  Rendered gb_repos/index.html.erb within layouts/application (1.3ms)
Completed 200 OK in 7ms (Views: 5.8ms | ActiveRecord: 0.3ms)
Started GET "/assets/application.css" for 127.0.0.1 at 2013-12-25 15:00:59 +0800
Served asset /application.css - 304 Not Modified (0ms)
Started GET "/assets/application.js" for 127.0.0.1 at 2013-12-25 15:00:59 +0800
Served asset /application.js - 304 Not Modified (0ms)
Connecting to database specified by database.yml
Connecting to database specified by database.yml
Connecting to database specified by database.yml
  [1m[36m (2.7ms)[0m  [1mSELECT `schema_migrations`.`version` FROM `schema_migrations` [0m
Migrating to CreateGbUsers (20131225065131)
Migrating to CreateGbRepos (20131225065612)
Migrating to CreateUsers (20131225065722)
Migrating to RolifyCreateRoles (20131225070623)
  [1m[35m (84.9ms)[0m  CREATE TABLE `roles` (`id` int(11) DEFAULT NULL auto_increment PRIMARY KEY, `name` varchar(255), `resource_id` int(11), `resource_type` varchar(255), `created_at` datetime NOT NULL, `updated_at` datetime NOT NULL) ENGINE=InnoDB
  [1m[36m (164.7ms)[0m  [1mCREATE TABLE `gb_users_roles` (`gb_user_id` int(11), `role_id` int(11)) ENGINE=InnoDB[0m
  [1m[35m (90.9ms)[0m  CREATE INDEX `index_roles_on_name` ON `roles` (`name`)
  [1m[36m (91.3ms)[0m  [1mCREATE INDEX `index_roles_on_name_and_resource_type_and_resource_id` ON `roles` (`name`, `resource_type`, `resource_id`)[0m
  [1m[35m (85.8ms)[0m  CREATE INDEX `index_gb_users_roles_on_gb_user_id_and_role_id` ON `gb_users_roles` (`gb_user_id`, `role_id`)
  [1m[36m (0.5ms)[0m  [1mINSERT INTO `schema_migrations` (`version`) VALUES ('20131225070623')[0m
  [1m[35m (0.1ms)[0m  SELECT `schema_migrations`.`version` FROM `schema_migrations` 
Started GET "/gb_repos/new" for 127.0.0.1 at 2013-12-25 15:07:15 +0800
Processing by GbReposController#new as HTML
  Rendered gb_repos/_form.html.erb (4.6ms)
  Rendered gb_repos/new.html.erb within layouts/application (6.7ms)
Completed 200 OK in 21ms (Views: 12.0ms | ActiveRecord: 2.6ms)
Started GET "/assets/application.css" for 127.0.0.1 at 2013-12-25 15:07:15 +0800
Served asset /application.css - 304 Not Modified (0ms)
Started GET "/assets/application.js" for 127.0.0.1 at 2013-12-25 15:07:15 +0800
Served asset /application.js - 304 Not Modified (0ms)
Started GET "/gb_repos/new" for 127.0.0.1 at 2013-12-25 15:07:17 +0800
Processing by GbReposController#new as HTML
  Rendered gb_repos/_form.html.erb (2.6ms)
  Rendered gb_repos/new.html.erb within layouts/application (4.1ms)
Completed 200 OK in 8ms (Views: 7.5ms | ActiveRecord: 0.0ms)
Started GET "/assets/application.css" for 127.0.0.1 at 2013-12-25 15:07:17 +0800
Served asset /application.css - 304 Not Modified (0ms)
Started GET "/assets/application.js" for 127.0.0.1 at 2013-12-25 15:07:17 +0800
Served asset /application.js - 304 Not Modified (0ms)
Connecting to database specified by database.yml
Connecting to database specified by database.yml
  [1m[36m (2.2ms)[0m  [1mSELECT `schema_migrations`.`version` FROM `schema_migrations` [0m
Migrating to CreateGbUsers (20131225065131)
Migrating to CreateGbRepos (20131225065612)
Migrating to CreateUsers (20131225065722)
Migrating to RolifyCreateRoles (20131225070623)
  [1m[35m (0.2ms)[0m  SELECT `schema_migrations`.`version` FROM `schema_migrations` 
Connecting to database specified by database.yml
Started GET "/assets/rails.png" for 127.0.0.1 at 2013-12-25 15:10:39 +0800
Served asset /rails.png - 304 Not Modified (1ms)
Started GET "/repos" for 127.0.0.1 at 2013-12-25 15:10:43 +0800

ActionController::RoutingError (No route matches [GET] "/repos"):
  actionpack (3.2.14) lib/action_dispatch/middleware/debug_exceptions.rb:21:in `call'
  actionpack (3.2.14) lib/action_dispatch/middleware/show_exceptions.rb:56:in `call'
  railties (3.2.14) lib/rails/rack/logger.rb:32:in `call_app'
  railties (3.2.14) lib/rails/rack/logger.rb:16:in `block in call'
  activesupport (3.2.14) lib/active_support/tagged_logging.rb:22:in `tagged'
  railties (3.2.14) lib/rails/rack/logger.rb:16:in `call'
  actionpack (3.2.14) lib/action_dispatch/middleware/request_id.rb:22:in `call'
  rack (1.4.5) lib/rack/methodoverride.rb:21:in `call'
  rack (1.4.5) lib/rack/runtime.rb:17:in `call'
  activesupport (3.2.14) lib/active_support/cache/strategy/local_cache.rb:72:in `call'
  rack (1.4.5) lib/rack/lock.rb:15:in `call'
  actionpack (3.2.14) lib/action_dispatch/middleware/static.rb:63:in `call'
  railties (3.2.14) lib/rails/engine.rb:484:in `call'
  railties (3.2.14) lib/rails/application.rb:231:in `call'
  rack (1.4.5) lib/rack/content_length.rb:14:in `call'
  railties (3.2.14) lib/rails/rack/log_tailer.rb:17:in `call'
  rack (1.4.5) lib/rack/handler/webrick.rb:59:in `service'
  /Users/gabriel/.rvm/rubies/ruby-1.9.3-p429/lib/ruby/1.9.1/webrick/httpserver.rb:138:in `service'
  /Users/gabriel/.rvm/rubies/ruby-1.9.3-p429/lib/ruby/1.9.1/webrick/httpserver.rb:94:in `run'
  /Users/gabriel/.rvm/rubies/ruby-1.9.3-p429/lib/ruby/1.9.1/webrick/server.rb:191:in `block in start_thread'


Connecting to database specified by database.yml
Connecting to database specified by database.yml
  [1m[36m (3.9ms)[0m  [1mSELECT `schema_migrations`.`version` FROM `schema_migrations` [0m
Migrating to CreateGbUsers (20131225065131)
Migrating to CreateGbRepos (20131225065612)
Migrating to CreateUsers (20131225065722)
Migrating to RolifyCreateRoles (20131225070623)
Migrating to CreateTableGbUsersUsers (20131225071211)
  [1m[35m (54.9ms)[0m  CREATE TABLE `gb_users_users` (`id` int(11) DEFAULT NULL auto_increment PRIMARY KEY, `gb_user_id` int(11) NOT NULL, `user_id` int(11) NOT NULL) ENGINE=InnoDB
  [1m[36m (0.6ms)[0m  [1mINSERT INTO `schema_migrations` (`version`) VALUES ('20131225071211')[0m
  [1m[35m (0.2ms)[0m  SELECT `schema_migrations`.`version` FROM `schema_migrations` 
Connecting to database specified by database.yml
Mysql2::Error: Unknown column 'gb_users.user_id' in 'where clause': SELECT `gb_users`.* FROM `gb_users`  WHERE `gb_users`.`user_id` = 1
Connecting to database specified by database.yml
Connecting to database specified by database.yml
Connecting to database specified by database.yml
  [1m[36m (2.2ms)[0m  [1mSELECT `schema_migrations`.`version` FROM `schema_migrations` [0m
Migrating to CreateGbUsers (20131225065131)
Migrating to CreateGbRepos (20131225065612)
Migrating to CreateUsers (20131225065722)
Migrating to RolifyCreateRoles (20131225070623)
Migrating to CreateTableGbUsersUsers (20131225071211)
Migrating to AddExtraToGbRepos (20131225073747)
  [1m[35m (55.4ms)[0m  ALTER TABLE `gb_repos` ADD `extra` text
  [1m[36m (0.5ms)[0m  [1mINSERT INTO `schema_migrations` (`version`) VALUES ('20131225073747')[0m
  [1m[35m (0.2ms)[0m  SELECT `schema_migrations`.`version` FROM `schema_migrations` 
Connecting to database specified by database.yml
